<?xml version="1.0" encoding="UTF-8"?>
<!-- Generated by org.testng.reporters.JUnitXMLReporter -->
<testsuite hostname="LAPTOP-I3V0BKGE" ignored="0" name="Buddi Tests" tests="10" failures="0" timestamp="15 Dec 2019 15:03:40 GMT" time="0.056" errors="0">
  <testcase name="test1" time="0.011" classname="com.instatech.sampletests.Test1"/>
  <testcase name="test2" time="0.001" classname="com.instatech.sampletests.Test1"/>
  <testcase name="test3" time="0.002" classname="com.instatech.sampletests.Test1"/>
  <testcase name="test4" time="0.001" classname="com.instatech.sampletests.Test1"/>
  <testcase name="test5" time="0.001" classname="com.instatech.sampletests.Test1"/>
  <testcase name="test1" time="0.0" classname="com.instatech.sampletests.Test2"/>
  <testcase name="test2" time="0.001" classname="com.instatech.sampletests.Test2"/>
  <testcase name="test3" time="0.0" classname="com.instatech.sampletests.Test2"/>
  <testcase name="test4" time="0.001" classname="com.instatech.sampletests.Test2"/>
  <testcase name="test5" time="0.0" classname="com.instatech.sampletests.Test2"/>
</testsuite> <!-- Buddi Tests -->
