<?xml version="1.0" encoding="UTF-8"?>
<!-- Generated by org.testng.reporters.JUnitXMLReporter -->
<testsuite hostname="LAPTOP-I3V0BKGE" ignored="0" name="Default test" tests="5" failures="0" timestamp="15 Dec 2019 14:44:21 GMT" time="0.041" errors="0">
  <testcase name="test1" time="0.01" classname="com.instatech.sampletests.Test2"/>
  <testcase name="test2" time="0.001" classname="com.instatech.sampletests.Test2"/>
  <testcase name="test3" time="0.001" classname="com.instatech.sampletests.Test2"/>
  <testcase name="test4" time="0.001" classname="com.instatech.sampletests.Test2"/>
  <testcase name="test5" time="0.0" classname="com.instatech.sampletests.Test2"/>
</testsuite> <!-- Default test -->
