<?xml version="1.0" encoding="UTF-8"?>
<testng-results skipped="0" failed="0" ignored="0" total="10" passed="10">
  <reporter-output>
  </reporter-output>
  <suite name="Buddi Automation Suite" duration-ms="56" started-at="2019-12-15T15:03:40Z" finished-at="2019-12-15T15:03:40Z">
    <groups>
    </groups>
    <test name="Buddi Tests" duration-ms="56" started-at="2019-12-15T15:03:40Z" finished-at="2019-12-15T15:03:40Z">
      <class name="com.instatech.sampletests.Test1">
        <test-method status="PASS" signature="test1()[pri:0, instance:com.instatech.sampletests.Test1@47c62251]" name="test1" duration-ms="11" started-at="2019-12-15T15:03:40Z" finished-at="2019-12-15T15:03:40Z">
          <reporter-output>
          </reporter-output>
        </test-method> <!-- test1 -->
        <test-method status="PASS" signature="test2()[pri:0, instance:com.instatech.sampletests.Test1@47c62251]" name="test2" duration-ms="1" started-at="2019-12-15T15:03:40Z" finished-at="2019-12-15T15:03:40Z">
          <reporter-output>
          </reporter-output>
        </test-method> <!-- test2 -->
        <test-method status="PASS" signature="test3()[pri:0, instance:com.instatech.sampletests.Test1@47c62251]" name="test3" duration-ms="2" started-at="2019-12-15T15:03:40Z" finished-at="2019-12-15T15:03:40Z">
          <reporter-output>
          </reporter-output>
        </test-method> <!-- test3 -->
        <test-method status="PASS" signature="test4()[pri:0, instance:com.instatech.sampletests.Test1@47c62251]" name="test4" duration-ms="1" started-at="2019-12-15T15:03:40Z" finished-at="2019-12-15T15:03:40Z">
          <reporter-output>
          </reporter-output>
        </test-method> <!-- test4 -->
        <test-method status="PASS" signature="test5()[pri:0, instance:com.instatech.sampletests.Test1@47c62251]" name="test5" duration-ms="1" started-at="2019-12-15T15:03:40Z" finished-at="2019-12-15T15:03:40Z">
          <reporter-output>
          </reporter-output>
        </test-method> <!-- test5 -->
      </class> <!-- com.instatech.sampletests.Test1 -->
      <class name="com.instatech.sampletests.Test2">
        <test-method status="PASS" signature="test1()[pri:0, instance:com.instatech.sampletests.Test2@3e6fa38a]" name="test1" duration-ms="0" started-at="2019-12-15T15:03:40Z" finished-at="2019-12-15T15:03:40Z">
          <reporter-output>
          </reporter-output>
        </test-method> <!-- test1 -->
        <test-method status="PASS" signature="test2()[pri:0, instance:com.instatech.sampletests.Test2@3e6fa38a]" name="test2" duration-ms="1" started-at="2019-12-15T15:03:40Z" finished-at="2019-12-15T15:03:40Z">
          <reporter-output>
          </reporter-output>
        </test-method> <!-- test2 -->
        <test-method status="PASS" signature="test3()[pri:0, instance:com.instatech.sampletests.Test2@3e6fa38a]" name="test3" duration-ms="0" started-at="2019-12-15T15:03:40Z" finished-at="2019-12-15T15:03:40Z">
          <reporter-output>
          </reporter-output>
        </test-method> <!-- test3 -->
        <test-method status="PASS" signature="test4()[pri:0, instance:com.instatech.sampletests.Test2@3e6fa38a]" name="test4" duration-ms="1" started-at="2019-12-15T15:03:40Z" finished-at="2019-12-15T15:03:40Z">
          <reporter-output>
          </reporter-output>
        </test-method> <!-- test4 -->
        <test-method status="PASS" signature="test5()[pri:0, instance:com.instatech.sampletests.Test2@3e6fa38a]" name="test5" duration-ms="0" started-at="2019-12-15T15:03:40Z" finished-at="2019-12-15T15:03:40Z">
          <reporter-output>
          </reporter-output>
        </test-method> <!-- test5 -->
      </class> <!-- com.instatech.sampletests.Test2 -->
    </test> <!-- Buddi Tests -->
  </suite> <!-- Buddi Automation Suite -->
</testng-results>
