<?xml version="1.0" encoding="UTF-8"?>
<testng-results skipped="0" failed="0" ignored="0" total="1" passed="1">
  <reporter-output>
  </reporter-output>
  <suite name="Default suite" duration-ms="5098" started-at="2019-12-15T15:24:26Z" finished-at="2019-12-15T15:24:31Z">
    <groups>
    </groups>
    <test name="Default test" duration-ms="5098" started-at="2019-12-15T15:24:26Z" finished-at="2019-12-15T15:24:31Z">
      <class name="com.instatech.seleniumtests.HomePageTest">
        <test-method status="PASS" signature="setUp(java.lang.String, java.lang.String)[pri:0, instance:com.instatech.seleniumtests.HomePageTest@1794d431]" name="setUp" is-config="true" duration-ms="12019" started-at="2019-12-15T15:24:14Z" finished-at="2019-12-15T15:24:26Z">
          <params>
            <param index="0">
              <value>
                <![CDATA[chrome]]>
              </value>
            </param>
            <param index="1">
              <value>
                <![CDATA[drivers/chromedriver.exe]]>
              </value>
            </param>
          </params>
          <reporter-output>
          </reporter-output>
        </test-method> <!-- setUp -->
        <test-method status="PASS" signature="openSignInPage()[pri:0, instance:com.instatech.seleniumtests.HomePageTest@1794d431]" name="openSignInPage" duration-ms="5080" started-at="2019-12-15T15:24:26Z" finished-at="2019-12-15T15:24:31Z">
          <reporter-output>
          </reporter-output>
        </test-method> <!-- openSignInPage -->
        <test-method status="PASS" signature="tearDown()[pri:0, instance:com.instatech.seleniumtests.HomePageTest@1794d431]" name="tearDown" is-config="true" duration-ms="822" started-at="2019-12-15T15:24:31Z" finished-at="2019-12-15T15:24:32Z">
          <reporter-output>
          </reporter-output>
        </test-method> <!-- tearDown -->
      </class> <!-- com.instatech.seleniumtests.HomePageTest -->
    </test> <!-- Default test -->
  </suite> <!-- Default suite -->
</testng-results>
